This is pdfTeX, Version 3.1415926-1.40.10 (TeX Live 2009/Debian) (format=pdflatex 2013.7.9)  26 MAR 2014 21:26
entering extended mode
 %&-line parsing enabled.
**3D_Dataset.tex
(./3D_Dataset.tex
LaTeX2e <2009/09/24>
Babel <v3.8l> and hyphenation patterns for english, usenglishmax, dumylang, noh
yphenation, loaded.
(./IEEEtran.cls
Document Class: IEEEtran 2007/03/05 V1.7a by Michael Shell
-- See the "IEEEtran_HOWTO" manual for usage information.
-- http://www.michaelshell.org/tex/ieeetran/
\@IEEEtrantmpdimenA=\dimen102
\@IEEEtrantmpdimenB=\dimen103
\@IEEEtrantmpcountA=\count79
\@IEEEtrantmpcountB=\count80
\@IEEEtrantmptoksA=\toks14
LaTeX Font Info:    Try loading font information for OT1+ptm on input line 366.

(/usr/share/texmf-texlive/tex/latex/psnfss/ot1ptm.fd
File: ot1ptm.fd 2001/06/04 font definitions for OT1/ptm.
)
-- Using 8.5in x 11in (letter) paper.
-- Using PDF output.
\@IEEEnormalsizeunitybaselineskip=\dimen104
-- This is a 10 point document.
\CLASSINFOnormalsizebaselineskip=\dimen105
\CLASSINFOnormalsizeunitybaselineskip=\dimen106
\IEEEnormaljot=\dimen107
LaTeX Font Info:    Font shape `OT1/ptm/bx/n' in size <5> not available
(Font)              Font shape `OT1/ptm/b/n' tried instead on input line 724.
LaTeX Font Info:    Font shape `OT1/ptm/bx/it' in size <5> not available
(Font)              Font shape `OT1/ptm/b/it' tried instead on input line 724.
LaTeX Font Info:    Font shape `OT1/ptm/bx/n' in size <7> not available
(Font)              Font shape `OT1/ptm/b/n' tried instead on input line 724.
LaTeX Font Info:    Font shape `OT1/ptm/bx/it' in size <7> not available
(Font)              Font shape `OT1/ptm/b/it' tried instead on input line 724.
LaTeX Font Info:    Font shape `OT1/ptm/bx/n' in size <8> not available
(Font)              Font shape `OT1/ptm/b/n' tried instead on input line 724.
LaTeX Font Info:    Font shape `OT1/ptm/bx/it' in size <8> not available
(Font)              Font shape `OT1/ptm/b/it' tried instead on input line 724.
LaTeX Font Info:    Font shape `OT1/ptm/bx/n' in size <9> not available
(Font)              Font shape `OT1/ptm/b/n' tried instead on input line 724.
LaTeX Font Info:    Font shape `OT1/ptm/bx/it' in size <9> not available
(Font)              Font shape `OT1/ptm/b/it' tried instead on input line 724.
LaTeX Font Info:    Font shape `OT1/ptm/bx/n' in size <10> not available
(Font)              Font shape `OT1/ptm/b/n' tried instead on input line 724.
LaTeX Font Info:    Font shape `OT1/ptm/bx/it' in size <10> not available
(Font)              Font shape `OT1/ptm/b/it' tried instead on input line 724.
LaTeX Font Info:    Font shape `OT1/ptm/bx/n' in size <11> not available
(Font)              Font shape `OT1/ptm/b/n' tried instead on input line 724.
LaTeX Font Info:    Font shape `OT1/ptm/bx/it' in size <11> not available
(Font)              Font shape `OT1/ptm/b/it' tried instead on input line 724.
LaTeX Font Info:    Font shape `OT1/ptm/bx/n' in size <12> not available
(Font)              Font shape `OT1/ptm/b/n' tried instead on input line 724.
LaTeX Font Info:    Font shape `OT1/ptm/bx/it' in size <12> not available
(Font)              Font shape `OT1/ptm/b/it' tried instead on input line 724.
LaTeX Font Info:    Font shape `OT1/ptm/bx/n' in size <17> not available
(Font)              Font shape `OT1/ptm/b/n' tried instead on input line 724.
LaTeX Font Info:    Font shape `OT1/ptm/bx/it' in size <17> not available
(Font)              Font shape `OT1/ptm/b/it' tried instead on input line 724.
LaTeX Font Info:    Font shape `OT1/ptm/bx/n' in size <20> not available
(Font)              Font shape `OT1/ptm/b/n' tried instead on input line 724.
LaTeX Font Info:    Font shape `OT1/ptm/bx/it' in size <20> not available
(Font)              Font shape `OT1/ptm/b/it' tried instead on input line 724.
LaTeX Font Info:    Font shape `OT1/ptm/bx/n' in size <24> not available
(Font)              Font shape `OT1/ptm/b/n' tried instead on input line 724.
LaTeX Font Info:    Font shape `OT1/ptm/bx/it' in size <24> not available
(Font)              Font shape `OT1/ptm/b/it' tried instead on input line 724.
\IEEEilabelindentA=\dimen108
\IEEEilabelindentB=\dimen109
\IEEEilabelindent=\dimen110
\IEEEelabelindent=\dimen111
\IEEEdlabelindent=\dimen112
\IEEElabelindent=\dimen113
\IEEEiednormlabelsep=\dimen114
\IEEEiedmathlabelsep=\dimen115
\IEEEiedtopsep=\skip41
\c@section=\count81
\c@subsection=\count82
\c@subsubsection=\count83
\c@paragraph=\count84
\c@IEEEsubequation=\count85
\abovecaptionskip=\skip42
\belowcaptionskip=\skip43
\c@figure=\count86
\c@table=\count87
\@IEEEeqnnumcols=\count88
\@IEEEeqncolcnt=\count89
\@IEEEtmpitemindent=\dimen116
\c@IEEEbiography=\count90
\@IEEEtranrubishbin=\box26
) (./fancyhdr.sty
\fancy@headwidth=\skip44
\f@ncyO@elh=\skip45
\f@ncyO@erh=\skip46
\f@ncyO@olh=\skip47
\f@ncyO@orh=\skip48
\f@ncyO@elf=\skip49
\f@ncyO@erf=\skip50
\f@ncyO@olf=\skip51
\f@ncyO@orf=\skip52
) (/usr/share/texmf-texlive/tex/latex/graphics/graphics.sty
Package: graphics 2009/02/05 v1.0o Standard LaTeX Graphics (DPC,SPQR)

(/usr/share/texmf-texlive/tex/latex/graphics/trig.sty
Package: trig 1999/03/16 v1.09 sin cos tan (DPC)
)
(/etc/texmf/tex/latex/config/graphics.cfg
File: graphics.cfg 2009/08/28 v1.8 graphics configuration of TeX Live
)
Package graphics Info: Driver file: pdftex.def on input line 91.

(/usr/share/texmf-texlive/tex/latex/pdftex-def/pdftex.def
File: pdftex.def 2010/03/12 v0.04p Graphics/color for pdfTeX
\Gread@gobject=\count91
))
(/usr/share/texmf-texlive/tex/latex/graphics/graphicx.sty
Package: graphicx 1999/02/16 v1.0f Enhanced LaTeX Graphics (DPC,SPQR)

(/usr/share/texmf-texlive/tex/latex/graphics/keyval.sty
Package: keyval 1999/03/16 v1.13 key=value parser (DPC)
\KV@toks@=\toks15
)
\Gin@req@height=\dimen117
\Gin@req@width=\dimen118
)
(/usr/share/texmf-texlive/tex/latex/graphics/epsfig.sty
Package: epsfig 1999/02/16 v1.7a (e)psfig emulation (SPQR)
\epsfxsize=\dimen119
\epsfysize=\dimen120
)
(/usr/share/texmf-texlive/tex/latex/subfig/subfig.sty
Package: subfig 2005/06/28 ver: 1.3 subfig package

(/usr/share/texmf-texlive/tex/latex/caption/caption.sty
Package: caption 2009/10/09 v3.1k Customizing captions (AR)

(/usr/share/texmf-texlive/tex/latex/caption/caption3.sty
Package: caption3 2009/10/09 v3.1k caption3 kernel (AR)
\captionmargin=\dimen121
\captionmargin@=\dimen122
\captionwidth=\dimen123
\caption@indent=\dimen124
\caption@parindent=\dimen125
\caption@hangindent=\dimen126
Package caption Info: Unknown document class (or package),
(caption)             standard defaults will be used on input line 1068.
)

Package caption Warning: Unsupported document class (or package) detected,
(caption)                usage of the caption package is not recommended.
See the caption package documentation for explanation.

Package caption Info: \@makecaption = \long macro:#1#2->\ifx \@captype \@IEEEta
blestring \footnotesize \begin {center}{\normalfont \footnotesize #1}\\{\normal
font \footnotesize \scshape #2}\end {center}\@IEEEtablecaptionsepspace \else \@
IEEEfigurecaptionsepspace \setbox \@tempboxa \hbox {\normalfont \footnotesize {
#1.}~~ #2}\ifdim \wd \@tempboxa >\hsize \setbox \@tempboxa \hbox {\normalfont \
footnotesize {#1.}~~ }\parbox [t]{\hsize }{\normalfont \footnotesize \noindent 
\unhbox \@tempboxa #2}\else \ifCLASSOPTIONconference \hbox to\hsize {\normalfon
t \footnotesize \hfil \box \@tempboxa \hfil }\else \hbox to\hsize {\normalfont 
\footnotesize \box \@tempboxa \hfil }\fi \fi \fi .
\c@ContinuedFloat=\count92
)
\c@KVtest=\count93
\sf@farskip=\skip53
\sf@captopadj=\dimen127
\sf@capskip=\skip54
\sf@nearskip=\skip55
\c@subfigure=\count94
\c@subfigure@save=\count95
\c@lofdepth=\count96
\c@subtable=\count97
\c@subtable@save=\count98
\c@lotdepth=\count99
\sf@top=\skip56
\sf@bottom=\skip57
) (/usr/share/texmf-texlive/tex/latex/graphics/color.sty
Package: color 2005/11/14 v1.0j Standard LaTeX Color (DPC)

(/etc/texmf/tex/latex/config/color.cfg
File: color.cfg 2007/01/18 v1.5 color configuration of teTeX/TeXLive
)
Package color Info: Driver file: pdftex.def on input line 130.
)
(/usr/share/texmf-texlive/tex/latex/ltxmisc/url.sty
\Urlmuskip=\muskip10
Package: url 2006/04/12  ver 3.3  Verb mode for urls, etc.
) (./3D_Dataset.aux)
\openout1 = `3D_Dataset.aux'.

LaTeX Font Info:    Checking defaults for OML/cmm/m/it on input line 58.
LaTeX Font Info:    ... okay on input line 58.
LaTeX Font Info:    Checking defaults for T1/cmr/m/n on input line 58.
LaTeX Font Info:    ... okay on input line 58.
LaTeX Font Info:    Checking defaults for OT1/cmr/m/n on input line 58.
LaTeX Font Info:    ... okay on input line 58.
LaTeX Font Info:    Checking defaults for OMS/cmsy/m/n on input line 58.
LaTeX Font Info:    ... okay on input line 58.
LaTeX Font Info:    Checking defaults for OMX/cmex/m/n on input line 58.
LaTeX Font Info:    ... okay on input line 58.
LaTeX Font Info:    Checking defaults for U/cmr/m/n on input line 58.
LaTeX Font Info:    ... okay on input line 58.

(/usr/share/texmf-texlive/tex/context/base/supp-pdf.mkii
[Loading MPS to PDF converter (version 2006.09.02).]
\scratchcounter=\count100
\scratchdimen=\dimen128
\scratchbox=\box27
\nofMPsegments=\count101
\nofMParguments=\count102
\everyMPshowfont=\toks16
\MPscratchCnt=\count103
\MPscratchDim=\dimen129
\MPnumerator=\count104
\everyMPtoPDFconversion=\toks17
)
Package caption Info: Begin \AtBeginDocument code.
Package caption3 Info: subfig package 1.2 or 1.3 is loaded.
LaTeX Info: Redefining \subref on input line 58.
Package caption Info: End \AtBeginDocument code.
LaTeX Font Info:    Calculating math sizes for size <11> on input line 61.
LaTeX Font Info:    External font `cmex10' loaded for size
(Font)              <11> on input line 61.
LaTeX Font Info:    External font `cmex10' loaded for size
(Font)              <7.69997> on input line 61.
LaTeX Font Info:    External font `cmex10' loaded for size
(Font)              <5.5> on input line 61.
LaTeX Font Info:    External font `cmex10' loaded for size
(Font)              <8> on input line 61.
LaTeX Font Info:    External font `cmex10' loaded for size
(Font)              <6> on input line 61.
LaTeX Font Info:    External font `cmex10' loaded for size
(Font)              <5> on input line 61.
LaTeX Font Info:    External font `cmex10' loaded for size
(Font)              <7> on input line 61.

Underfull \vbox (badness 2376) has occurred while \output is active []

 [1{/var/lib/texmf/fonts/map/pdftex/updmap/pdftex.map}


]
<images/David_Mor_131110.png, id=10, 636.3775pt x 224.84pt>
File: images/David_Mor_131110.png Graphic file (type png)

<use images/David_Mor_131110.png>
<images/Nils_Mor_131111.png, id=11, 367.3725pt x 224.84pt>
File: images/Nils_Mor_131111.png Graphic file (type png)

<use images/Nils_Mor_131111.png>
<images/Puren_Eve_131029.png, id=12, 501.875pt x 224.84pt>
File: images/Puren_Eve_131029.png Graphic file (type png)

<use images/Puren_Eve_131029.png>
<images/David_Eve_131110.png, id=13, 661.47125pt x 224.84pt>
File: images/David_Eve_131110.png Graphic file (type png)

<use images/David_Eve_131110.png>
<images/Nils_Eve_131111.png, id=14, 398.48875pt x 224.84pt>
File: images/Nils_Eve_131111.png Graphic file (type png)

<use images/Nils_Eve_131111.png>
<images/Puren_Mor_131110.png, id=15, 501.875pt x 240.9pt>
File: images/Puren_Mor_131110.png Graphic file (type png)

<use images/Puren_Mor_131110.png> [2] [3 <./images/David_Mor_131110.png (PNG co
py)> <./images/Nils_Mor_131111.png (PNG copy)> <./images/Puren_Eve_131029.png (
PNG copy)> <./images/David_Eve_131110.png (PNG copy)> <./images/Nils_Eve_131111
.png (PNG copy)> <./images/Puren_Mor_131110.png (PNG copy)>]
LaTeX Font Info:    Try loading font information for OMS+ptm on input line 338.


(/usr/share/texmf-texlive/tex/latex/psnfss/omsptm.fd
File: omsptm.fd 
)
LaTeX Font Info:    Font shape `OMS/ptm/m/n' in size <10> not available
(Font)              Font shape `OMS/cmsy/m/n' tried instead on input line 338.

<images/clean-data/HistOfObjects-crop.pdf, id=23, 486.81876pt x 475.7775pt>
File: images/clean-data/HistOfObjects-crop.pdf Graphic file (type pdf)

<use images/clean-data/HistOfObjects-crop.pdf>
<images/pcd.png, id=24, 836.12375pt x 250.9375pt>
File: images/pcd.png Graphic file (type png)
 <use images/pcd.png>
<images/pcd_annotated.png, id=25, 832.10875pt x 250.9375pt>
File: images/pcd_annotated.png Graphic file (type png)

<use images/pcd_annotated.png>
LaTeX Font Info:    External font `cmex10' loaded for size
(Font)              <9> on input line 364.

<images/clean-data/puren/131023.png, id=26, 1021.8175pt x 472.76625pt>
File: images/clean-data/puren/131023.png Graphic file (type png)

<use images/clean-data/puren/131023.png>
<images/clean-data/puren/131024.png, id=27, 930.47626pt x 413.545pt>
File: images/clean-data/puren/131024.png Graphic file (type png)

<use images/clean-data/puren/131024.png>
<images/clean-data/puren/131030.png, id=28, 1106.1325pt x 487.8225pt>
File: images/clean-data/puren/131030.png Graphic file (type png)

<use images/clean-data/puren/131030.png>
<images/clean-data/puren/131106.png, id=29, 1101.11375pt x 499.8675pt>
File: images/clean-data/puren/131106.png Graphic file (type png)

<use images/clean-data/puren/131106.png>
<images/clean-data/puren/131109.png, id=30, 1098.1025pt x 503.8825pt>
File: images/clean-data/puren/131109.png Graphic file (type png)

<use images/clean-data/puren/131109.png>
<images/clean-data/puren/131116.png, id=31, 904.37875pt x 410.53375pt>
File: images/clean-data/puren/131116.png Graphic file (type png)

<use images/clean-data/puren/131116.png>
LaTeX Font Info:    Font shape `OMS/ptm/m/n' in size <9> not available
(Font)              Font shape `OMS/cmsy/m/n' tried instead on input line 387.

Underfull \vbox (badness 1490) has occurred while \output is active []

 [4 <./images/clean-data/HistOfObjects-crop.pdf> <./images/pcd.png (PNG copy)> 
<./images/pcd_annotated.png (PNG copy)>]
<images/clean-data/keyboard_mouse_raw-crop.pdf, id=42, 471.7625pt x 217.81375pt
>
File: images/clean-data/keyboard_mouse_raw-crop.pdf Graphic file (type pdf)
 <use images/clean-data/keyboard_mouse_raw-crop.pdf>
<images/clean-data/keyboard_mouse_clusters-crop.pdf, id=43, 471.7625pt x 217.81
375pt>
File: images/clean-data/keyboard_mouse_clusters-crop.pdf Graphic file (type pdf
)
 <use images/clean-data/keyboard_mouse_clusters-crop.pdf> [5 <./images/clean-da
ta/puren/131023.png (PNG copy)> <./images/clean-data/puren/131024.png (PNG copy
)> <./images/clean-data/puren/131030.png (PNG copy)> <./images/clean-data/puren
/131106.png (PNG copy)> <./images/clean-data/puren/131109.png (PNG copy)> <./im
ages/clean-data/puren/131116.png (PNG copy)>]
<images/clean-data/EntropyMat-crop.pdf, id=52, 522.95375pt x 427.5975pt>
File: images/clean-data/EntropyMat-crop.pdf Graphic file (type pdf)

<use images/clean-data/EntropyMat-crop.pdf>
<images/clean-data/monitor_keyboard_clusters-crop.pdf, id=53, 471.7625pt x 217.
81375pt>
File: images/clean-data/monitor_keyboard_clusters-crop.pdf Graphic file (type p
df)
 <use images/clean-data/monitor_keyboard_clusters-crop.pdf>
<images/clean-data/keyboard_mug_clusters-crop.pdf, id=54, 471.7625pt x 217.8137
5pt>
File: images/clean-data/keyboard_mug_clusters-crop.pdf Graphic file (type pdf)
 <use images/clean-data/keyboard_mug_clusters-crop.pdf>
<images/clean-data/keyboard_papers_clusters-crop.pdf, id=55, 471.7625pt x 217.8
1375pt>
File: images/clean-data/keyboard_papers_clusters-crop.pdf Graphic file (type pd
f)
 <use images/clean-data/keyboard_papers_clusters-crop.pdf> [6 <./images/clean-d
ata/keyboard_mouse_raw-crop.pdf> <./images/clean-data/keyboard_mouse_clusters-c
rop.pdf> <./images/clean-data/monitor_keyboard_clusters-crop.pdf> <./images/cle
an-data/keyboard_mug_clusters-crop.pdf> <./images/clean-data/keyboard_papers_cl
usters-crop.pdf>]
Underfull \hbox (badness 1546) in paragraph at lines 656--660
\OT1/ptm/m/n/10 ing from the Eu-ro-pean Union Sev-enth Frame-work Pro-
 []

(./3D_Dataset.bbl [7 <./images/clean-data/EntropyMat-crop.pdf>]
Missing character: There is no â in font ptmri7t!
Missing character: There is no € in font ptmri7t!
Missing character: There is no “ in font ptmri7t!
Missing character: There is no â in font ptmri7t!
Missing character: There is no € in font ptmri7t!
Missing character: There is no “ in font ptmri7t!
)

** Conference Paper **
Before submitting the final camera ready copy, remember to:

 1. Manually equalize the lengths of two columns on the last page
 of your paper;

 2. Ensure that any PostScript and/or PDF output post-processing
 uses only Type 1 fonts and that every step in the generation
 process uses the appropriate paper size.


Package caption Warning: Unused \captionsetup[sub] on input line 35.
See the caption package documentation for explanation.

[8] (./3D_Dataset.aux) ) 
Here is how much of TeX's memory you used:
 3156 strings out of 495061
 52318 string characters out of 1182622
 124169 words of memory out of 3000000
 6310 multiletter control sequences out of 15000+50000
 43138 words of font info for 81 fonts, out of 3000000 for 9000
 28 hyphenation exceptions out of 8191
 44i,13n,45p,648b,373s stack positions out of 5000i,500n,10000p,200000b,50000s
{/usr/share/texmf-texlive/fonts/enc/dvips/base/8r.enc}<
/usr/share/texmf-texlive/fonts/type1/public/amsfonts/cm/cmex10.pfb></usr/share/
texmf-texlive/fonts/type1/public/amsfonts/cm/cmmi10.pfb></usr/share/texmf-texli
ve/fonts/type1/public/amsfonts/cm/cmmi7.pfb></usr/share/texmf-texlive/fonts/typ
e1/public/amsfonts/cm/cmr10.pfb></usr/share/texmf-texlive/fonts/type1/public/am
sfonts/cm/cmr9.pfb></usr/share/texmf-texlive/fonts/type1/public/amsfonts/cm/cms
y10.pfb></usr/share/texmf-texlive/fonts/type1/public/amsfonts/cm/cmsy7.pfb></us
r/share/texmf-texlive/fonts/type1/public/amsfonts/cm/cmsy8.pfb></usr/share/texm
f-texlive/fonts/type1/public/amsfonts/cm/cmsy9.pfb></usr/share/texmf-texlive/fo
nts/type1/urw/times/utmb8a.pfb></usr/share/texmf-texlive/fonts/type1/urw/times/
utmbi8a.pfb></usr/share/texmf-texlive/fonts/type1/urw/times/utmr8a.pfb></usr/sh
are/texmf-texlive/fonts/type1/urw/times/utmri8a.pfb>
Output written on 3D_Dataset.pdf (8 pages, 6908610 bytes).
PDF statistics:
 143 PDF objects out of 1000 (max. 8388607)
 0 named destinations out of 1000 (max. 500000)
 106 words of extra memory for PDF output out of 10000 (max. 10000000)

